<?xml version="1.0" encoding="UTF-8" ?>
<testsuites>
  <testsuite errors="0" failures="0" hostname="tyama-macbook-2.local" id="0" name="UserServiceSpecification" package="com.mrhaki.blog" tests="1" time="0.694" timestamp="2010-07-01T10:38:17">
      <properties />

      <testcase classname="com.mrhaki.blog.UserServiceSpecification" name="Return total number of users" time="0.172" />

      <system-out><![CDATA[]]></system-out>

      <system-err><![CDATA[]]></system-err>

  </testsuite>
</testsuites>
